<?xml version="1.0" encoding="UTF-8"?>
<!-- Generated by org.testng.reporters.JUnitXMLReporter -->
<testsuite hostname="Admins-MacBook-Air-2.local" ignored="22" name="TestNG Test0" tests="4" failures="0" timestamp="16 Jul 2019 14:09:40 GMT" time="254.799" errors="0">
  <testcase name="TC047_textPostWithExternalLink" time="62.511" classname="co.sharechat.test.CreatePostTests"/>
  <testcase name="TC048_textPostWithColorBG" time="61.583" classname="co.sharechat.test.CreatePostTests"/>
  <testcase name="TC049_textPostWithAnyDefaultPicturesBG" time="63.539" classname="co.sharechat.test.CreatePostTests"/>
  <testcase name="TC050_textPostWithAnyDefaultP" time="60.866" classname="co.sharechat.test.CreatePostTests"/>
  <testcase name="TC042_textPostWithExternalLink" time="0.0" classname="co.sharechat.test.CreatePostTests">
    <ignored/>
  </testcase> <!-- TC042_textPostWithExternalLink -->
  <testcase name="TC004_createPollPost" time="0.0" classname="co.sharechat.test.CreatePostTests">
    <ignored/>
  </testcase> <!-- TC004_createPollPost -->
  <testcase name="TC041_textPostUsedTag" time="0.0" classname="co.sharechat.test.CreatePostTests">
    <ignored/>
  </testcase> <!-- TC041_textPostUsedTag -->
  <testcase name="TC044_creatingLinkPostWithShareChatTag" time="0.0" classname="co.sharechat.test.CreatePostTests">
    <ignored/>
  </testcase> <!-- TC044_creatingLinkPostWithShareChatTag -->
  <testcase name="TC043_textPostWithExternalLink" time="0.0" classname="co.sharechat.test.CreatePostTests">
    <ignored/>
  </testcase> <!-- TC043_textPostWithExternalLink -->
  <testcase name="TC034_textPostSimpleText" time="0.0" classname="co.sharechat.test.CreatePostTests">
    <ignored/>
  </testcase> <!-- TC034_textPostSimpleText -->
  <testcase name="TC033_textPostWithoutBG" time="0.0" classname="co.sharechat.test.CreatePostTests">
    <ignored/>
  </testcase> <!-- TC033_textPostWithoutBG -->
  <testcase name="TC040_trendindbucketsOnPost" time="0.0" classname="co.sharechat.test.CreatePostTests">
    <ignored/>
  </testcase> <!-- TC040_trendindbucketsOnPost -->
  <testcase name="TC045_createPostWithUserProfileShare" time="0.0" classname="co.sharechat.test.CreatePostTests">
    <ignored/>
  </testcase> <!-- TC045_createPostWithUserProfileShare -->
  <testcase name="TC053_textPostWithCameraBackground" time="0.0" classname="co.sharechat.test.CreatePostTests">
    <ignored/>
  </testcase> <!-- TC053_textPostWithCameraBackground -->
  <testcase name="TC036_textPostDenyPermission" time="0.0" classname="co.sharechat.test.CreatePostTests">
    <ignored/>
  </testcase> <!-- TC036_textPostDenyPermission -->
  <testcase name="TC030_textPosts" time="0.0" classname="co.sharechat.test.CreatePostTests">
    <ignored/>
  </testcase> <!-- TC030_textPosts -->
  <testcase name="TC031_textPostsCloseFunctionality" time="0.0" classname="co.sharechat.test.CreatePostTests">
    <ignored/>
  </testcase> <!-- TC031_textPostsCloseFunctionality -->
  <testcase name="TC001_createTextPost" time="0.0" classname="co.sharechat.test.CreatePostTests">
    <ignored/>
  </testcase> <!-- TC001_createTextPost -->
  <testcase name="TC054_textPostWithAllowPermission" time="0.0" classname="co.sharechat.test.CreatePostTests">
    <ignored/>
  </testcase> <!-- TC054_textPostWithAllowPermission -->
  <testcase name="TC032_textPostsCheckMarkFunctionality" time="0.0" classname="co.sharechat.test.CreatePostTests">
    <ignored/>
  </testcase> <!-- TC032_textPostsCheckMarkFunctionality -->
  <testcase name="TC055_textPostWithDenyPermissionWithColorBG" time="0.0" classname="co.sharechat.test.CreatePostTests">
    <ignored/>
  </testcase> <!-- TC055_textPostWithDenyPermissionWithColorBG -->
  <testcase name="TC057_textPostWithCreateNewTag" time="0.0" classname="co.sharechat.test.CreatePostTests">
    <ignored/>
  </testcase> <!-- TC057_textPostWithCreateNewTag -->
  <testcase name="TC003_createCameraBackgroundTextPost" time="0.0" classname="co.sharechat.test.CreatePostTests">
    <ignored/>
  </testcase> <!-- TC003_createCameraBackgroundTextPost -->
  <testcase name="TC002_createBackgroundTextPost" time="0.0" classname="co.sharechat.test.CreatePostTests">
    <ignored/>
  </testcase> <!-- TC002_createBackgroundTextPost -->
  <testcase name="TC035_textPostAllowPermission" time="0.0" classname="co.sharechat.test.CreatePostTests">
    <ignored/>
  </testcase> <!-- TC035_textPostAllowPermission -->
  <testcase name="TC056_textPostWithSingleTag" time="0.0" classname="co.sharechat.test.CreatePostTests">
    <ignored/>
  </testcase> <!-- TC056_textPostWithSingleTag -->
</testsuite> <!-- TestNG Test0 -->
