<?xml version="1.0" encoding="UTF-8"?>
<testng-results skipped="0" failed="0" ignored="9" total="10" passed="1">
  <reporter-output>
  </reporter-output>
  <suite name="TestNG Forum" duration-ms="71297" started-at="2019-07-09T12:48:15Z" finished-at="2019-07-09T12:49:26Z">
    <groups>
      <group name="Creation">
        <method signature="CreatePostTests.TC035_textPostAllowPermission()[pri:0, instance:co.sharechat.test.CreatePostTests@59309333]" name="TC035_textPostAllowPermission" class="co.sharechat.test.CreatePostTests"/>
      </group> <!-- Creation -->
      <group name="RegressionTest">
        <method signature="CreatePostTests.TC035_textPostAllowPermission()[pri:0, instance:co.sharechat.test.CreatePostTests@59309333]" name="TC035_textPostAllowPermission" class="co.sharechat.test.CreatePostTests"/>
      </group> <!-- RegressionTest -->
    </groups>
    <test name="TestNG Test0" duration-ms="71297" started-at="2019-07-09T12:48:15Z" finished-at="2019-07-09T12:49:26Z">
      <class name="co.sharechat.test.CreatePostTests">
        <test-method status="PASS" signature="TC035_textPostAllowPermission()[pri:0, instance:co.sharechat.test.CreatePostTests@59309333]" name="TC035_textPostAllowPermission" duration-ms="68623" started-at="2019-07-09T18:18:16Z" description="Verify allow permissions functionality for creation functionality with text" finished-at="2019-07-09T18:19:25Z">
          <reporter-output>
          </reporter-output>
        </test-method> <!-- TC035_textPostAllowPermission -->
      </class> <!-- co.sharechat.test.CreatePostTests -->
    </test> <!-- TestNG Test0 -->
  </suite> <!-- TestNG Forum -->
</testng-results>
