<?xml version="1.0" encoding="UTF-8"?>
<testng-results skipped="0" failed="1" ignored="39" total="42" passed="2">
  <reporter-output>
  </reporter-output>
  <suite name="TestNG Forum" duration-ms="345983" started-at="2019-07-22T12:45:44Z" finished-at="2019-07-22T12:51:29Z">
    <groups>
      <group name="Creation">
        <method signature="CreatePostTests.AR74_cameraStickersFunctionality()[pri:0, instance:co.sharechat.test.CreatePostTests@6c64cb25]" name="AR74_cameraStickersFunctionality" class="co.sharechat.test.CreatePostTests"/>
        <method signature="CreatePostTests.AR75_cameraMusicFunctionality()[pri:0, instance:co.sharechat.test.CreatePostTests@6c64cb25]" name="AR75_cameraMusicFunctionality" class="co.sharechat.test.CreatePostTests"/>
        <method signature="CreatePostTests.AR78_videoPostCreationFunctionality()[pri:0, instance:co.sharechat.test.CreatePostTests@6c64cb25]" name="AR78_videoPostCreationFunctionality" class="co.sharechat.test.CreatePostTests"/>
      </group> <!-- Creation -->
      <group name="RegressionTest">
        <method signature="CreatePostTests.AR74_cameraStickersFunctionality()[pri:0, instance:co.sharechat.test.CreatePostTests@6c64cb25]" name="AR74_cameraStickersFunctionality" class="co.sharechat.test.CreatePostTests"/>
        <method signature="CreatePostTests.AR75_cameraMusicFunctionality()[pri:0, instance:co.sharechat.test.CreatePostTests@6c64cb25]" name="AR75_cameraMusicFunctionality" class="co.sharechat.test.CreatePostTests"/>
        <method signature="CreatePostTests.AR78_videoPostCreationFunctionality()[pri:0, instance:co.sharechat.test.CreatePostTests@6c64cb25]" name="AR78_videoPostCreationFunctionality" class="co.sharechat.test.CreatePostTests"/>
      </group> <!-- RegressionTest -->
    </groups>
    <test name="TestNG Test0" duration-ms="345983" started-at="2019-07-22T12:45:44Z" finished-at="2019-07-22T12:51:29Z">
      <class name="co.sharechat.test.CreatePostTests">
        <test-method status="PASS" signature="AR74_cameraStickersFunctionality()[pri:0, instance:co.sharechat.test.CreatePostTests@6c64cb25]" name="AR74_cameraStickersFunctionality" duration-ms="89710" started-at="2019-07-22T18:15:45Z" description="Verify stickers icon functionality from camera screen" finished-at="2019-07-22T18:17:14Z">
          <reporter-output>
          </reporter-output>
        </test-method> <!-- AR74_cameraStickersFunctionality -->
        <test-method status="PASS" signature="AR75_cameraMusicFunctionality()[pri:0, instance:co.sharechat.test.CreatePostTests@6c64cb25]" name="AR75_cameraMusicFunctionality" duration-ms="82353" started-at="2019-07-22T18:17:17Z" description="Verify music icon functionality from camera screen" finished-at="2019-07-22T18:18:39Z">
          <reporter-output>
          </reporter-output>
        </test-method> <!-- AR75_cameraMusicFunctionality -->
        <test-method status="FAIL" signature="AR78_videoPostCreationFunctionality()[pri:0, instance:co.sharechat.test.CreatePostTests@6c64cb25]" name="AR78_videoPostCreationFunctionality" duration-ms="164388" started-at="2019-07-22T18:18:41Z" description="Verify video post creation with base camera" finished-at="2019-07-22T18:21:26Z">
          <exception class="java.lang.AssertionError">
            <message>
              <![CDATA[Notification should populate on mobile about the post upload expected [true] but found [false]]]>
            </message>
            <full-stacktrace>
              <![CDATA[java.lang.AssertionError: Notification should populate on mobile about the post upload expected [true] but found [false]
	at org.testng.Assert.fail(Assert.java:93)
	at org.testng.Assert.failNotEquals(Assert.java:512)
	at org.testng.Assert.assertTrue(Assert.java:41)
	at co.sharechat.test.CreatePostTests.AR78_videoPostCreationFunctionality(CreatePostTests.java:1240)
	at sun.reflect.NativeMethodAccessorImpl.invoke0(Native Method)
	at sun.reflect.NativeMethodAccessorImpl.invoke(NativeMethodAccessorImpl.java:62)
	at sun.reflect.DelegatingMethodAccessorImpl.invoke(DelegatingMethodAccessorImpl.java:43)
	at java.lang.reflect.Method.invoke(Method.java:498)
	at org.testng.internal.MethodInvocationHelper.invokeMethod(MethodInvocationHelper.java:108)
	at org.testng.internal.Invoker.invokeMethod(Invoker.java:661)
	at org.testng.internal.Invoker.invokeTestMethod(Invoker.java:869)
	at org.testng.internal.Invoker.invokeTestMethods(Invoker.java:1193)
	at org.testng.internal.TestMethodWorker.invokeTestMethods(TestMethodWorker.java:126)
	at org.testng.internal.TestMethodWorker.run(TestMethodWorker.java:109)
	at org.testng.TestRunner.privateRun(TestRunner.java:744)
	at org.testng.TestRunner.run(TestRunner.java:602)
	at org.testng.SuiteRunner.runTest(SuiteRunner.java:380)
	at org.testng.SuiteRunner.access$000(SuiteRunner.java:39)
	at org.testng.SuiteRunner$SuiteWorker.run(SuiteRunner.java:414)
	at org.testng.internal.thread.ThreadUtil$1.call(ThreadUtil.java:52)
	at java.util.concurrent.FutureTask.run(FutureTask.java:266)
	at java.util.concurrent.ThreadPoolExecutor.runWorker(ThreadPoolExecutor.java:1149)
	at java.util.concurrent.ThreadPoolExecutor$Worker.run(ThreadPoolExecutor.java:624)
	at java.lang.Thread.run(Thread.java:748)
]]>
            </full-stacktrace>
          </exception> <!-- java.lang.AssertionError -->
          <reporter-output>
          </reporter-output>
        </test-method> <!-- AR78_videoPostCreationFunctionality -->
      </class> <!-- co.sharechat.test.CreatePostTests -->
    </test> <!-- TestNG Test0 -->
  </suite> <!-- TestNG Forum -->
</testng-results>
